Dictionary filled
cat:
act atc cat cta tac tca 

stain:
antis saint sanit satin stain tains tanis 

dicey:
dicey 

horse:
heros hoers horse osher shoer shore 

stream:
armets martes master maters matres ramets remast stream tamers 

cabled:
beclad cabled 

program:
program 

settlers:
settlers sterlets tresslet trestles 

potential:
peltation potential 

principle:
principle 

orchestra:
carothers carthorse horsecart orchestra 

enigmatic:
enigmatic 

discriminator:
discriminator doctrinairism 

undefinability:
undefinability unidentifiably 

capitalization:
capitalization 

